[0.018s] Invoking command in '/home/osten/Drone/build/test': CMAKE_PREFIX_PATH=${CMAKE_PREFIX_PATH}:/opt/ros/jazzy DEBUGINFOD_URLS=https://debuginfod.ubuntu.com /usr/bin/cmake /home/osten/Drone/src/test -DCMAKE_INSTALL_PREFIX=/home/osten/Drone/install/test
[0.037s] -- Found ament_cmake: 2.5.3 (/opt/ros/jazzy/share/ament_cmake/cmake)
[0.311s] -- Found builtin_interfaces: 2.0.2 (/opt/ros/jazzy/share/builtin_interfaces/cmake)
[0.748s] -- Found rosidl_generator_c: 4.6.5 (/opt/ros/jazzy/share/rosidl_generator_c/cmake)
[0.760s] -- Found rosidl_generator_cpp: 4.6.5 (/opt/ros/jazzy/share/rosidl_generator_cpp/cmake)
[0.774s] -- Using all available rosidl_typesupport_c: rosidl_typesupport_fastrtps_c;rosidl_typesupport_introspection_c
[0.791s] -- Using all available rosidl_typesupport_cpp: rosidl_typesupport_fastrtps_cpp;rosidl_typesupport_introspection_cpp
[0.961s] -- Configuring done (0.9s)
[0.970s] -- Generating done (0.0s)
[0.975s] -- Build files have been written to: /home/osten/Drone/build/test
[0.986s] Invoked command in '/home/osten/Drone/build/test' returned '0': CMAKE_PREFIX_PATH=${CMAKE_PREFIX_PATH}:/opt/ros/jazzy DEBUGINFOD_URLS=https://debuginfod.ubuntu.com /usr/bin/cmake /home/osten/Drone/src/test -DCMAKE_INSTALL_PREFIX=/home/osten/Drone/install/test
[0.989s] Invoking command in '/home/osten/Drone/build/test': CMAKE_PREFIX_PATH=${CMAKE_PREFIX_PATH}:/opt/ros/jazzy DEBUGINFOD_URLS=https://debuginfod.ubuntu.com /usr/bin/cmake --build /home/osten/Drone/build/test -- -j20 -l20
[1.043s] [ 25%] [32mBuilding CXX object CMakeFiles/test_publisher.dir/src/test_publisher.cpp.o[0m
[1.045s] [ 50%] [32mBuilding CXX object CMakeFiles/test_subscriber.dir/src/test_subscriber.cpp.o[0m
[1.065s] [ 75%] [32m[1mLinking CXX executable test_publisher[0m
[1.070s] [100%] [32m[1mLinking CXX executable test_subscriber[0m
[1.256s] /usr/bin/ld: /usr/lib/gcc/x86_64-linux-gnu/13/../../../x86_64-linux-gnu/Scrt1.o: in function `_start':
[1.257s] (.text+0x1b): undefined reference to `main'
[1.258s] /usr/bin/ld: /usr/lib/gcc/x86_64-linux-gnu/13/../../../x86_64-linux-gnu/Scrt1.o: in function `_start':
[1.259s] (.text+0x1b): undefined reference to `main'
[1.259s] collect2: error: ld returned 1 exit status
[1.260s] collect2: error: ld returned 1 exit status
[1.261s] gmake[2]: *** [CMakeFiles/test_publisher.dir/build.make:97: test_publisher] Error 1
[1.262s] gmake[1]: *** [CMakeFiles/Makefile2:165: CMakeFiles/test_publisher.dir/all] Error 2
[1.262s] gmake[1]: *** Waiting for unfinished jobs....
[1.262s] gmake[2]: *** [CMakeFiles/test_subscriber.dir/build.make:97: test_subscriber] Error 1
[1.262s] gmake[1]: *** [CMakeFiles/Makefile2:139: CMakeFiles/test_subscriber.dir/all] Error 2
[1.262s] gmake: *** [Makefile:146: all] Error 2
[1.265s] Invoked command in '/home/osten/Drone/build/test' returned '2': CMAKE_PREFIX_PATH=${CMAKE_PREFIX_PATH}:/opt/ros/jazzy DEBUGINFOD_URLS=https://debuginfod.ubuntu.com /usr/bin/cmake --build /home/osten/Drone/build/test -- -j20 -l20
