[0.020s] Invoking command in '/home/osten/Drone/build/test': CMAKE_PREFIX_PATH=${CMAKE_PREFIX_PATH}:/opt/ros/jazzy DEBUGINFOD_URLS=https://debuginfod.ubuntu.com /usr/bin/cmake --build /home/osten/Drone/build/test -- -j20 -l20
[0.087s] [ 25%] [32mBuilding CXX object CMakeFiles/test_publisher.dir/src/test_publisher.cpp.o[0m
[0.091s] [ 50%] [32mBuilding CXX object CMakeFiles/test_subscriber.dir/src/test_subscriber.cpp.o[0m
[0.357s] [01m[K/home/osten/Drone/src/test/src/test_subscriber.cpp:10:11:[m[K [01;31m[Kfatal error: [m[Kstd_msgs/msg/string.hpp: No such file or directory
[0.357s]    10 |  #include [01;31m[K"std_msgs/msg/string.hpp"[m[K
[0.357s]       |           [01;31m[K^~~~~~~~~~~~~~~~~~~~~~~~~[m[K
[0.357s] compilation terminated.
[0.359s] [01m[K/home/osten/Drone/src/test/src/test_publisher.cpp:13:11:[m[K [01;31m[Kfatal error: [m[Kstd_msgs/msg/string.hpp: No such file or directory
[0.359s]    13 |  #include [01;31m[K"std_msgs/msg/string.hpp"[m[K
[0.359s]       |           [01;31m[K^~~~~~~~~~~~~~~~~~~~~~~~~[m[K
[0.360s] compilation terminated.
[0.362s] gmake[2]: *** [CMakeFiles/test_subscriber.dir/build.make:76: CMakeFiles/test_subscriber.dir/src/test_subscriber.cpp.o] Error 1
[0.362s] gmake[2]: *** [CMakeFiles/test_publisher.dir/build.make:76: CMakeFiles/test_publisher.dir/src/test_publisher.cpp.o] Error 1
[0.362s] gmake[1]: *** [CMakeFiles/Makefile2:139: CMakeFiles/test_subscriber.dir/all] Error 2
[0.363s] gmake[1]: *** Waiting for unfinished jobs....
[0.363s] gmake[1]: *** [CMakeFiles/Makefile2:165: CMakeFiles/test_publisher.dir/all] Error 2
[0.363s] gmake: *** [Makefile:146: all] Error 2
[0.366s] Invoked command in '/home/osten/Drone/build/test' returned '2': CMAKE_PREFIX_PATH=${CMAKE_PREFIX_PATH}:/opt/ros/jazzy DEBUGINFOD_URLS=https://debuginfod.ubuntu.com /usr/bin/cmake --build /home/osten/Drone/build/test -- -j20 -l20
