[01m[K/home/osten/Drone/src/test/src/test_publisher.cpp:6:11:[m[K [01;31m[Kfatal error: [m[Krclcpp/rclcpp.hpp: No such file or directory
    6 |  #include [01;31m[K"rclcpp/rclcpp.hpp"[m[K
      |           [01;31m[K^~~~~~~~~~~~~~~~~~~[m[K
[01m[K/home/osten/Drone/src/test/src/test_subscriber.cpp:6:11:[m[K [01;31m[Kfatal error: [m[Krclcpp/rclcpp.hpp: No such file or directory
    6 |  #include [01;31m[K"rclcpp/rclcpp.hpp"[m[K
      |           [01;31m[K^~~~~~~~~~~~~~~~~~~[m[K
compilation terminated.
compilation terminated.
gmake[2]: *** [CMakeFiles/test_publisher.dir/build.make:76: CMakeFiles/test_publisher.dir/src/test_publisher.cpp.o] Error 1
gmake[2]: *** [CMakeFiles/test_subscriber.dir/build.make:76: CMakeFiles/test_subscriber.dir/src/test_subscriber.cpp.o] Error 1
gmake[1]: *** [CMakeFiles/Makefile2:165: CMakeFiles/test_publisher.dir/all] Error 2
gmake[1]: *** Waiting for unfinished jobs....
gmake[1]: *** [CMakeFiles/Makefile2:139: CMakeFiles/test_subscriber.dir/all] Error 2
gmake: *** [Makefile:146: all] Error 2
