-- Found ament_cmake: 2.5.3 (/opt/ros/jazzy/share/ament_cmake/cmake)
-- Found builtin_interfaces: 2.0.2 (/opt/ros/jazzy/share/builtin_interfaces/cmake)
-- Found rosidl_generator_c: 4.6.5 (/opt/ros/jazzy/share/rosidl_generator_c/cmake)
-- Found rosidl_generator_cpp: 4.6.5 (/opt/ros/jazzy/share/rosidl_generator_cpp/cmake)
-- Using all available rosidl_typesupport_c: rosidl_typesupport_fastrtps_c;rosidl_typesupport_introspection_c
-- Using all available rosidl_typesupport_cpp: rosidl_typesupport_fastrtps_cpp;rosidl_typesupport_introspection_cpp
-- Configuring done (0.9s)
-- Generating done (0.0s)
-- Build files have been written to: /home/osten/Drone/build/test
[ 25%] [32mBuilding CXX object CMakeFiles/test_subscriber.dir/src/test_subscriber.cpp.o[0m
[ 50%] [32mBuilding CXX object CMakeFiles/test_publisher.dir/src/test_publisher.cpp.o[0m
[01m[K/home/osten/Drone/src/test/src/test_publisher.cpp:6:11:[m[K [01;31m[Kfatal error: [m[Krclcpp/rclcpp.hpp: No such file or directory
    6 |  #include [01;31m[K"rclcpp/rclcpp.hpp"[m[K
      |           [01;31m[K^~~~~~~~~~~~~~~~~~~[m[K
[01m[K/home/osten/Drone/src/test/src/test_subscriber.cpp:6:11:[m[K [01;31m[Kfatal error: [m[Krclcpp/rclcpp.hpp: No such file or directory
    6 |  #include [01;31m[K"rclcpp/rclcpp.hpp"[m[K
      |           [01;31m[K^~~~~~~~~~~~~~~~~~~[m[K
compilation terminated.
compilation terminated.
gmake[2]: *** [CMakeFiles/test_publisher.dir/build.make:76: CMakeFiles/test_publisher.dir/src/test_publisher.cpp.o] Error 1
gmake[2]: *** [CMakeFiles/test_subscriber.dir/build.make:76: CMakeFiles/test_subscriber.dir/src/test_subscriber.cpp.o] Error 1
gmake[1]: *** [CMakeFiles/Makefile2:165: CMakeFiles/test_publisher.dir/all] Error 2
gmake[1]: *** Waiting for unfinished jobs....
gmake[1]: *** [CMakeFiles/Makefile2:139: CMakeFiles/test_subscriber.dir/all] Error 2
gmake: *** [Makefile:146: all] Error 2
