[0.019s] Invoking command in '/home/osten/Drone/build/test': CMAKE_PREFIX_PATH=${CMAKE_PREFIX_PATH}:/opt/ros/jazzy DEBUGINFOD_URLS=https://debuginfod.ubuntu.com /usr/bin/cmake --build /home/osten/Drone/build/test -- -j20 -l20
[0.044s] -- Found ament_cmake: 2.5.3 (/opt/ros/jazzy/share/ament_cmake/cmake)
[0.326s] -- Found builtin_interfaces: 2.0.2 (/opt/ros/jazzy/share/builtin_interfaces/cmake)
[0.770s] -- Found rosidl_generator_c: 4.6.5 (/opt/ros/jazzy/share/rosidl_generator_c/cmake)
[0.781s] -- Found rosidl_generator_cpp: 4.6.5 (/opt/ros/jazzy/share/rosidl_generator_cpp/cmake)
[0.795s] -- Using all available rosidl_typesupport_c: rosidl_typesupport_fastrtps_c;rosidl_typesupport_introspection_c
[0.812s] -- Using all available rosidl_typesupport_cpp: rosidl_typesupport_fastrtps_cpp;rosidl_typesupport_introspection_cpp
[0.946s] -- Configuring done (0.9s)
[0.952s] -- Generating done (0.0s)
[0.955s] -- Build files have been written to: /home/osten/Drone/build/test
[0.991s] [ 25%] [32mBuilding CXX object CMakeFiles/test_subscriber.dir/src/test_subscriber.cpp.o[0m
[0.991s] [ 50%] [32mBuilding CXX object CMakeFiles/test_publisher.dir/src/test_publisher.cpp.o[0m
[1.000s] [01m[K/home/osten/Drone/src/test/src/test_publisher.cpp:6:11:[m[K [01;31m[Kfatal error: [m[Krclcpp/rclcpp.hpp: No such file or directory
[1.000s]     6 |  #include [01;31m[K"rclcpp/rclcpp.hpp"[m[K
[1.000s]       |           [01;31m[K^~~~~~~~~~~~~~~~~~~[m[K
[1.001s] [01m[K/home/osten/Drone/src/test/src/test_subscriber.cpp:6:11:[m[K [01;31m[Kfatal error: [m[Krclcpp/rclcpp.hpp: No such file or directory
[1.001s]     6 |  #include [01;31m[K"rclcpp/rclcpp.hpp"[m[K
[1.001s]       |           [01;31m[K^~~~~~~~~~~~~~~~~~~[m[K
[1.001s] compilation terminated.
[1.001s] compilation terminated.
[1.001s] gmake[2]: *** [CMakeFiles/test_publisher.dir/build.make:76: CMakeFiles/test_publisher.dir/src/test_publisher.cpp.o] Error 1
[1.002s] gmake[2]: *** [CMakeFiles/test_subscriber.dir/build.make:76: CMakeFiles/test_subscriber.dir/src/test_subscriber.cpp.o] Error 1
[1.002s] gmake[1]: *** [CMakeFiles/Makefile2:165: CMakeFiles/test_publisher.dir/all] Error 2
[1.002s] gmake[1]: *** Waiting for unfinished jobs....
[1.002s] gmake[1]: *** [CMakeFiles/Makefile2:139: CMakeFiles/test_subscriber.dir/all] Error 2
[1.002s] gmake: *** [Makefile:146: all] Error 2
[1.005s] Invoked command in '/home/osten/Drone/build/test' returned '2': CMAKE_PREFIX_PATH=${CMAKE_PREFIX_PATH}:/opt/ros/jazzy DEBUGINFOD_URLS=https://debuginfod.ubuntu.com /usr/bin/cmake --build /home/osten/Drone/build/test -- -j20 -l20
